# JRE version: OpenJDK Runtime Environment (8.0_242-b01) (build 1.8.0_242-release-1644-b01)
# Java VM: OpenJDK 64-Bit Server VM (25.242-b01 mixed mode windows-amd64 compressed oops)
Heap:
 PSYoungGen      total 189440K, used 22934K [0x00000000e0000000, 0x00000000ece00000, 0x0000000100000000)
  eden space 168448K, 1% used [0x00000000e0000000,0x00000000e02ba4a0,0x00000000ea480000)
  from space 20992K, 95% used [0x00000000ea480000,0x00000000eb82b4b0,0x00000000eb900000)
  to   space 19456K, 0% used [0x00000000eb900000,0x00000000eb900000,0x00000000ecc00000)
 ParOldGen       total 319488K, used 23967K [0x00000000a0000000, 0x00000000b3800000, 0x00000000e0000000)
  object space 319488K, 7% used [0x00000000a0000000,0x00000000a1767d48,0x00000000b3800000)
 Metaspace       used 56989K, capacity 58412K, committed 58584K, reserved 1103872K
  class space    used 7241K, capacity 7653K, committed 7680K, reserved 1048576K
GC Heap History (10 events):
Event: 43.471 GC heap before
{Heap before GC invocations=16 (full 3):
 PSYoungGen      total 155136K, used 150463K [0x00000000e0000000, 0x00000000ea600000, 0x0000000100000000)
  eden space 143360K, 100% used [0x00000000e0000000,0x00000000e8c00000,0x00000000e8c00000)
  from space 11776K, 60% used [0x00000000e9a80000,0x00000000ea16feb0,0x00000000ea600000)
  to   space 13312K, 0% used [0x00000000e8c00000,0x00000000e8c00000,0x00000000e9900000)
 ParOldGen       total 319488K, used 15752K [0x00000000a0000000, 0x00000000b3800000, 0x00000000e0000000)
  object space 319488K, 4% used [0x00000000a0000000,0x00000000a0f62370,0x00000000b3800000)
 Metaspace       used 43206K, capacity 43768K, committed 44120K, reserved 1091584K
  class space    used 5565K, capacity 5753K, committed 5760K, reserved 1048576K
Event: 43.482 GC heap after
Heap after GC invocations=16 (full 3):
 PSYoungGen      total 156672K, used 7713K [0x00000000e0000000, 0x00000000eb480000, 0x0000000100000000)
  eden space 143360K, 0% used [0x00000000e0000000,0x00000000e0000000,0x00000000e8c00000)
  from space 13312K, 57% used [0x00000000e8c00000,0x00000000e93885d0,0x00000000e9900000)
  to   space 13312K, 0% used [0x00000000ea780000,0x00000000ea780000,0x00000000eb480000)
 ParOldGen       total 319488K, used 15760K [0x00000000a0000000, 0x00000000b3800000, 0x00000000e0000000)
  object space 319488K, 4% used [0x00000000a0000000,0x00000000a0f64370,0x00000000b3800000)
 Metaspace       used 43206K, capacity 43768K, committed 44120K, reserved 1091584K
  class space    used 5565K, capacity 5753K, committed 5760K, reserved 1048576K
}
Event: 51.895 GC heap before
{Heap before GC invocations=17 (full 3):
 PSYoungGen      total 156672K, used 151073K [0x00000000e0000000, 0x00000000eb480000, 0x0000000100000000)
  eden space 143360K, 100% used [0x00000000e0000000,0x00000000e8c00000,0x00000000e8c00000)
  from space 13312K, 57% used [0x00000000e8c00000,0x00000000e93885d0,0x00000000e9900000)
  to   space 13312K, 0% used [0x00000000ea780000,0x00000000ea780000,0x00000000eb480000)
 ParOldGen       total 319488K, used 15760K [0x00000000a0000000, 0x00000000b3800000, 0x00000000e0000000)
  object space 319488K, 4% used [0x00000000a0000000,0x00000000a0f64370,0x00000000b3800000)
 Metaspace       used 54420K, capacity 55524K, committed 55640K, reserved 1101824K
  class space    used 6919K, capacity 7235K, committed 7296K, reserved 1048576K
Event: 51.944 GC heap after
Heap after GC invocations=17 (full 3):
 PSYoungGen      total 166912K, used 13302K [0x00000000e0000000, 0x00000000ebe00000, 0x0000000100000000)
  eden space 153600K, 0% used [0x00000000e0000000,0x00000000e0000000,0x00000000e9600000)
  from space 13312K, 99% used [0x00000000ea780000,0x00000000eb47d9d0,0x00000000eb480000)
  to   space 17920K, 0% used [0x00000000e9600000,0x00000000e9600000,0x00000000ea780000)
 ParOldGen       total 319488K, used 23943K [0x00000000a0000000, 0x00000000b3800000, 0x00000000e0000000)
  object space 319488K, 7% used [0x00000000a0000000,0x00000000a1761d48,0x00000000b3800000)
 Metaspace       used 54420K, capacity 55524K, committed 55640K, reserved 1101824K
  class space    used 6919K, capacity 7235K, committed 7296K, reserved 1048576K
}
Event: 56.708 GC heap before
{Heap before GC invocations=18 (full 3):
 PSYoungGen      total 166912K, used 166902K [0x00000000e0000000, 0x00000000ebe00000, 0x0000000100000000)
  eden space 153600K, 100% used [0x00000000e0000000,0x00000000e9600000,0x00000000e9600000)
  from space 13312K, 99% used [0x00000000ea780000,0x00000000eb47d9d0,0x00000000eb480000)
  to   space 17920K, 0% used [0x00000000e9600000,0x00000000e9600000,0x00000000ea780000)
 ParOldGen       total 319488K, used 23943K [0x00000000a0000000, 0x00000000b3800000, 0x00000000e0000000)
  object space 319488K, 7% used [0x00000000a0000000,0x00000000a1761d48,0x00000000b3800000)
 Metaspace       used 54852K, capacity 55910K, committed 56152K, reserved 1101824K
  class space    used 6950K, capacity 7253K, committed 7296K, reserved 1048576K
Event: 56.733 GC heap after
Heap after GC invocations=18 (full 3):
 PSYoungGen      total 171520K, used 14733K [0x00000000e0000000, 0x00000000ecc00000, 0x0000000100000000)
  eden space 153600K, 0% used [0x00000000e0000000,0x00000000e0000000,0x00000000e9600000)
  from space 17920K, 82% used [0x00000000e9600000,0x00000000ea463570,0x00000000ea780000)
  to   space 19456K, 0% used [0x00000000eb900000,0x00000000eb900000,0x00000000ecc00000)
 ParOldGen       total 319488K, used 23951K [0x00000000a0000000, 0x00000000b3800000, 0x00000000e0000000)
  object space 319488K, 7% used [0x00000000a0000000,0x00000000a1763d48,0x00000000b3800000)
 Metaspace       used 54852K, capacity 55910K, committed 56152K, reserved 1101824K
  class space    used 6950K, capacity 7253K, committed 7296K, reserved 1048576K
}
Event: 60.918 GC heap before
{Heap before GC invocations=19 (full 3):
 PSYoungGen      total 171520K, used 168333K [0x00000000e0000000, 0x00000000ecc00000, 0x0000000100000000)
  eden space 153600K, 100% used [0x00000000e0000000,0x00000000e9600000,0x00000000e9600000)
  from space 17920K, 82% used [0x00000000e9600000,0x00000000ea463570,0x00000000ea780000)
  to   space 19456K, 0% used [0x00000000eb900000,0x00000000eb900000,0x00000000ecc00000)
 ParOldGen       total 319488K, used 23951K [0x00000000a0000000, 0x00000000b3800000, 0x00000000e0000000)
  object space 319488K, 7% used [0x00000000a0000000,0x00000000a1763d48,0x00000000b3800000)
 Metaspace       used 54950K, capacity 56038K, committed 56152K, reserved 1101824K
  class space    used 6950K, capacity 7253K, committed 7296K, reserved 1048576K
Event: 60.934 GC heap after
Heap after GC invocations=19 (full 3):
 PSYoungGen      total 187904K, used 15598K [0x00000000e0000000, 0x00000000ece00000, 0x0000000100000000)
  eden space 168448K, 0% used [0x00000000e0000000,0x00000000e0000000,0x00000000ea480000)
  from space 19456K, 80% used [0x00000000eb900000,0x00000000ec83ba60,0x00000000ecc00000)
  to   space 20992K, 0% used [0x00000000ea480000,0x00000000ea480000,0x00000000eb900000)
 ParOldGen       total 319488K, used 23959K [0x00000000a0000000, 0x00000000b3800000, 0x00000000e0000000)
  object space 319488K, 7% used [0x00000000a0000000,0x00000000a1765d48,0x00000000b3800000)
 Metaspace       used 54950K, capacity 56038K, committed 56152K, reserved 1101824K
  class space    used 6950K, capacity 7253K, committed 7296K, reserved 1048576K
}
Event: 66.712 GC heap before
{Heap before GC invocations=20 (full 3):
 PSYoungGen      total 187904K, used 184046K [0x00000000e0000000, 0x00000000ece00000, 0x0000000100000000)
  eden space 168448K, 100% used [0x00000000e0000000,0x00000000ea480000,0x00000000ea480000)
  from space 19456K, 80% used [0x00000000eb900000,0x00000000ec83ba60,0x00000000ecc00000)
  to   space 20992K, 0% used [0x00000000ea480000,0x00000000ea480000,0x00000000eb900000)
 ParOldGen       total 319488K, used 23959K [0x00000000a0000000, 0x00000000b3800000, 0x00000000e0000000)
  object space 319488K, 7% used [0x00000000a0000000,0x00000000a1765d48,0x00000000b3800000)
 Metaspace       used 56813K, capacity 58152K, committed 58328K, reserved 1103872K
  class space    used 7209K, capacity 7633K, committed 7680K, reserved 1048576K
Event: 66.747 GC heap after
Heap after GC invocations=20 (full 3):
 PSYoungGen      total 189440K, used 20141K [0x00000000e0000000, 0x00000000ece00000, 0x0000000100000000)
  eden space 168448K, 0% used [0x00000000e0000000,0x00000000e0000000,0x00000000ea480000)
  from space 20992K, 95% used [0x00000000ea480000,0x00000000eb82b4b0,0x00000000eb900000)
  to   space 19456K, 0% used [0x00000000eb900000,0x00000000eb900000,0x00000000ecc00000)
 ParOldGen       total 319488K, used 23967K [0x00000000a0000000, 0x00000000b3800000, 0x00000000e0000000)
  object space 319488K, 7% used [0x00000000a0000000,0x00000000a1767d48,0x00000000b3800000)
 Metaspace       used 56813K, capacity 58152K, committed 58328K, reserved 1103872K
  class space    used 7209K, capacity 7633K, committed 7680K, reserved 1048576K
}

