# JRE version: OpenJDK Runtime Environment (8.0_242-b01) (build 1.8.0_242-release-1644-b01)
# Java VM: OpenJDK 64-Bit Server VM (25.242-b01 mixed mode windows-amd64 compressed oops)
Heap:
 PSYoungGen      total 115712K, used 13246K [0x00000000e0000000, 0x00000000e8500000, 0x0000000100000000)
  eden space 103936K, 4% used [0x00000000e0000000,0x00000000e0472720,0x00000000e6580000)
  from space 11776K, 73% used [0x00000000e6580000,0x00000000e6dfd348,0x00000000e7100000)
  to   space 12288K, 0% used [0x00000000e7100000,0x00000000e7100000,0x00000000e7d00000)
 ParOldGen       total 152576K, used 15992K [0x00000000a0000000, 0x00000000a9500000, 0x00000000e0000000)
  object space 152576K, 10% used [0x00000000a0000000,0x00000000a0f9e380,0x00000000a9500000)
 Metaspace       used 42484K, capacity 43034K, committed 43392K, reserved 1087488K
  class space    used 5503K, capacity 5668K, committed 5760K, reserved 1048576K
GC Heap History (10 events):
Event: 18.056 GC heap before
{Heap before GC invocations=5 (full 1):
 PSYoungGen      total 76288K, used 65536K [0x00000000e0000000, 0x00000000e5500000, 0x0000000100000000)
  eden space 65536K, 100% used [0x00000000e0000000,0x00000000e4000000,0x00000000e4000000)
  from space 10752K, 0% used [0x00000000e4000000,0x00000000e4000000,0x00000000e4a80000)
  to   space 10752K, 0% used [0x00000000e4a80000,0x00000000e4a80000,0x00000000e5500000)
 ParOldGen       total 109056K, used 10809K [0x00000000a0000000, 0x00000000a6a80000, 0x00000000e0000000)
  object space 109056K, 9% used [0x00000000a0000000,0x00000000a0a8e490,0x00000000a6a80000)
 Metaspace       used 28863K, capacity 29298K, committed 29568K, reserved 1075200K
  class space    used 3783K, capacity 3953K, committed 3968K, reserved 1048576K
Event: 18.134 GC heap after
Heap after GC invocations=5 (full 1):
 PSYoungGen      total 76288K, used 8956K [0x00000000e0000000, 0x00000000e7b00000, 0x0000000100000000)
  eden space 65536K, 0% used [0x00000000e0000000,0x00000000e0000000,0x00000000e4000000)
  from space 10752K, 83% used [0x00000000e4a80000,0x00000000e533f178,0x00000000e5500000)
  to   space 10752K, 0% used [0x00000000e4000000,0x00000000e4000000,0x00000000e4a80000)
 ParOldGen       total 109056K, used 10817K [0x00000000a0000000, 0x00000000a6a80000, 0x00000000e0000000)
  object space 109056K, 9% used [0x00000000a0000000,0x00000000a0a90490,0x00000000a6a80000)
 Metaspace       used 28863K, capacity 29298K, committed 29568K, reserved 1075200K
  class space    used 3783K, capacity 3953K, committed 3968K, reserved 1048576K
}
Event: 21.392 GC heap before
{Heap before GC invocations=6 (full 1):
 PSYoungGen      total 76288K, used 74492K [0x00000000e0000000, 0x00000000e7b00000, 0x0000000100000000)
  eden space 65536K, 100% used [0x00000000e0000000,0x00000000e4000000,0x00000000e4000000)
  from space 10752K, 83% used [0x00000000e4a80000,0x00000000e533f178,0x00000000e5500000)
  to   space 10752K, 0% used [0x00000000e4000000,0x00000000e4000000,0x00000000e4a80000)
 ParOldGen       total 109056K, used 10817K [0x00000000a0000000, 0x00000000a6a80000, 0x00000000e0000000)
  object space 109056K, 9% used [0x00000000a0000000,0x00000000a0a90490,0x00000000a6a80000)
 Metaspace       used 32877K, capacity 33288K, committed 33536K, reserved 1079296K
  class space    used 4362K, capacity 4514K, committed 4608K, reserved 1048576K
Event: 21.417 GC heap after
Heap after GC invocations=6 (full 1):
 PSYoungGen      total 76288K, used 9614K [0x00000000e0000000, 0x00000000e7d00000, 0x0000000100000000)
  eden space 65536K, 0% used [0x00000000e0000000,0x00000000e0000000,0x00000000e4000000)
  from space 10752K, 89% used [0x00000000e4000000,0x00000000e4963b78,0x00000000e4a80000)
  to   space 12288K, 0% used [0x00000000e7100000,0x00000000e7100000,0x00000000e7d00000)
 ParOldGen       total 109056K, used 10825K [0x00000000a0000000, 0x00000000a6a80000, 0x00000000e0000000)
  object space 109056K, 9% used [0x00000000a0000000,0x00000000a0a92490,0x00000000a6a80000)
 Metaspace       used 32877K, capacity 33288K, committed 33536K, reserved 1079296K
  class space    used 4362K, capacity 4514K, committed 4608K, reserved 1048576K
}
Event: 22.627 GC heap before
{Heap before GC invocations=7 (full 1):
 PSYoungGen      total 76288K, used 44877K [0x00000000e0000000, 0x00000000e7d00000, 0x0000000100000000)
  eden space 65536K, 53% used [0x00000000e0000000,0x00000000e226fc38,0x00000000e4000000)
  from space 10752K, 89% used [0x00000000e4000000,0x00000000e4963b78,0x00000000e4a80000)
  to   space 12288K, 0% used [0x00000000e7100000,0x00000000e7100000,0x00000000e7d00000)
 ParOldGen       total 109056K, used 10825K [0x00000000a0000000, 0x00000000a6a80000, 0x00000000e0000000)
  object space 109056K, 9% used [0x00000000a0000000,0x00000000a0a92490,0x00000000a6a80000)
 Metaspace       used 34836K, capacity 35208K, committed 35416K, reserved 1079296K
  class space    used 4673K, capacity 4834K, committed 4864K, reserved 1048576K
Event: 22.683 GC heap after
Heap after GC invocations=7 (full 1):
 PSYoungGen      total 116224K, used 8910K [0x00000000e0000000, 0x00000000e8500000, 0x0000000100000000)
  eden space 103936K, 0% used [0x00000000e0000000,0x00000000e0000000,0x00000000e6580000)
  from space 12288K, 72% used [0x00000000e7100000,0x00000000e79b3810,0x00000000e7d00000)
  to   space 11776K, 0% used [0x00000000e6580000,0x00000000e6580000,0x00000000e7100000)
 ParOldGen       total 109056K, used 10833K [0x00000000a0000000, 0x00000000a6a80000, 0x00000000e0000000)
  object space 109056K, 9% used [0x00000000a0000000,0x00000000a0a94490,0x00000000a6a80000)
 Metaspace       used 34836K, capacity 35208K, committed 35416K, reserved 1079296K
  class space    used 4673K, capacity 4834K, committed 4864K, reserved 1048576K
}
Event: 22.683 GC heap before
{Heap before GC invocations=8 (full 2):
 PSYoungGen      total 116224K, used 8910K [0x00000000e0000000, 0x00000000e8500000, 0x0000000100000000)
  eden space 103936K, 0% used [0x00000000e0000000,0x00000000e0000000,0x00000000e6580000)
  from space 12288K, 72% used [0x00000000e7100000,0x00000000e79b3810,0x00000000e7d00000)
  to   space 11776K, 0% used [0x00000000e6580000,0x00000000e6580000,0x00000000e7100000)
 ParOldGen       total 109056K, used 10833K [0x00000000a0000000, 0x00000000a6a80000, 0x00000000e0000000)
  object space 109056K, 9% used [0x00000000a0000000,0x00000000a0a94490,0x00000000a6a80000)
 Metaspace       used 34836K, capacity 35208K, committed 35416K, reserved 1079296K
  class space    used 4673K, capacity 4834K, committed 4864K, reserved 1048576K
Event: 22.822 GC heap after
Heap after GC invocations=8 (full 2):
 PSYoungGen      total 116224K, used 0K [0x00000000e0000000, 0x00000000e8500000, 0x0000000100000000)
  eden space 103936K, 0% used [0x00000000e0000000,0x00000000e0000000,0x00000000e6580000)
  from space 12288K, 0% used [0x00000000e7100000,0x00000000e7100000,0x00000000e7d00000)
  to   space 11776K, 0% used [0x00000000e6580000,0x00000000e6580000,0x00000000e7100000)
 ParOldGen       total 152576K, used 15904K [0x00000000a0000000, 0x00000000a9500000, 0x00000000e0000000)
  object space 152576K, 10% used [0x00000000a0000000,0x00000000a0f88370,0x00000000a9500000)
 Metaspace       used 34806K, capacity 35174K, committed 35416K, reserved 1079296K
  class space    used 4664K, capacity 4824K, committed 4864K, reserved 1048576K
}
Event: 31.792 GC heap before
{Heap before GC invocations=9 (full 2):
 PSYoungGen      total 116224K, used 103936K [0x00000000e0000000, 0x00000000e8500000, 0x0000000100000000)
  eden space 103936K, 100% used [0x00000000e0000000,0x00000000e6580000,0x00000000e6580000)
  from space 12288K, 0% used [0x00000000e7100000,0x00000000e7100000,0x00000000e7d00000)
  to   space 11776K, 0% used [0x00000000e6580000,0x00000000e6580000,0x00000000e7100000)
 ParOldGen       total 152576K, used 15904K [0x00000000a0000000, 0x00000000a9500000, 0x00000000e0000000)
  object space 152576K, 10% used [0x00000000a0000000,0x00000000a0f88370,0x00000000a9500000)
 Metaspace       used 42471K, capacity 43034K, committed 43392K, reserved 1087488K
  class space    used 5503K, capacity 5668K, committed 5760K, reserved 1048576K
Event: 31.820 GC heap after
Heap after GC invocations=9 (full 2):
 PSYoungGen      total 115712K, used 8692K [0x00000000e0000000, 0x00000000e8500000, 0x0000000100000000)
  eden space 103936K, 0% used [0x00000000e0000000,0x00000000e0000000,0x00000000e6580000)
  from space 11776K, 73% used [0x00000000e6580000,0x00000000e6dfd348,0x00000000e7100000)
  to   space 12288K, 0% used [0x00000000e7100000,0x00000000e7100000,0x00000000e7d00000)
 ParOldGen       total 152576K, used 15992K [0x00000000a0000000, 0x00000000a9500000, 0x00000000e0000000)
  object space 152576K, 10% used [0x00000000a0000000,0x00000000a0f9e380,0x00000000a9500000)
 Metaspace       used 42471K, capacity 43034K, committed 43392K, reserved 1087488K
  class space    used 5503K, capacity 5668K, committed 5760K, reserved 1048576K
}

